[14:16:46] [main/INFO]: Setting user: Player637
[14:16:47] [Client thread/INFO]: LWJGL Version: 2.9.1
[14:16:53] [Client thread/INFO]: Reloading ResourceManager: Default, FMLFileResourcePack:Forge Mod Loader, FMLFileResourcePack:Minecraft Forge, FMLFileResourcePack:Gt Miner
[14:16:54] [Sound Library Loader/INFO]: Sound engine started
[14:16:54] [Client thread/INFO]: Created: 16x16 textures/blocks-atlas
[14:16:54] [Client thread/INFO]: Created: 16x16 textures/items-atlas
[14:16:54] [Client thread/INFO]: Reloading ResourceManager: Default, FMLFileResourcePack:Forge Mod Loader, FMLFileResourcePack:Minecraft Forge, FMLFileResourcePack:Gt Miner
[14:16:55] [Client thread/INFO]: Created: 512x256 textures/blocks-atlas
[14:16:55] [Client thread/INFO]: Created: 256x256 textures/items-atlas
[14:16:55] [Sound Library Loader/INFO]: Sound engine started
[14:16:58] [Server thread/INFO]: Starting integrated minecraft server version 1.7.10
[14:16:58] [Server thread/INFO]: Generating keypair
[14:16:59] [Server thread/INFO]: Preparing start region for level 0
[14:16:59] [Server thread/INFO]: Changing view distance to 12, from 10
[14:17:00] [Server thread/INFO]: Player637[local:E:6362f4e4] logged in with entity id 472 at (1.1526195867950997, 79.15473176351254, 103.00997150427554)
[14:17:00] [Server thread/INFO]: Player637 joined the game
[14:17:01] [Client thread/INFO]: [CHAT] Found ores: Redstone Ore: 1-14; Lapis Lazuli Ore: 17-19; Coal Ore: 1-63; Iron Ore: 1-56; Gold Ore: 4-27; 
[14:17:03] [Server thread/INFO]: Saving and pausing game...
[14:17:03] [Server thread/INFO]: Saving chunks for level 'New World'/Overworld
[14:17:03] [Server thread/INFO]: Saving chunks for level 'New World'/Nether
[14:17:03] [Server thread/INFO]: Saving chunks for level 'New World'/The End
[14:17:12] [Client Shutdown Thread/INFO]: Stopping server
